2014-09-25 18:52:47,593 [main           ] INFO  DbSqlSession                   - performing create on engine with resource org/activiti/db/create/activiti.h2.create.engine.sql
2014-09-25 18:52:47,671 [main           ] INFO  DbSqlSession                   - performing create on history with resource org/activiti/db/create/activiti.h2.create.history.sql
2014-09-25 18:52:47,689 [main           ] INFO  DbSqlSession                   - performing create on identity with resource org/activiti/db/create/activiti.h2.create.identity.sql
2014-09-25 18:52:47,694 [main           ] INFO  ProcessEngineImpl              - ProcessEngine default created
2014-09-25 19:02:28,725 [main           ] INFO  ProcessEngineImpl              - ProcessEngine default created
2014-09-25 19:05:09,102 [main           ] INFO  ProcessEngineImpl              - ProcessEngine default created
2014-09-25 19:05:56,995 [main           ] INFO  ProcessEngineImpl              - ProcessEngine default created
2014-09-25 19:06:16,937 [main           ] INFO  ProcessEngineImpl              - ProcessEngine default created
2014-09-25 19:06:38,847 [main           ] INFO  ProcessEngineImpl              - ProcessEngine default created
2014-09-25 19:08:24,406 [main           ] INFO  ProcessEngineImpl              - ProcessEngine default created
2014-09-25 19:11:02,301 [main           ] INFO  ProcessEngineImpl              - ProcessEngine default created
2014-09-25 19:11:46,907 [main           ] INFO  ProcessEngineImpl              - ProcessEngine default created
2014-09-25 19:11:46,926 [main           ] INFO  BpmnDeployer                   - Processing resource bookorder.simple.bpmn20.xml
2014-09-25 19:12:56,217 [main           ] INFO  ProcessEngineImpl              - ProcessEngine default created
2014-09-25 19:12:56,236 [main           ] INFO  BpmnDeployer                   - Processing resource bookorder.simple.bpmn20.xml
2014-09-25 19:13:14,931 [main           ] INFO  ProcessEngineImpl              - ProcessEngine default created
2014-09-25 19:13:14,950 [main           ] INFO  BpmnDeployer                   - Processing resource bookorder.simple.bpmn20.xml
2014-09-25 19:16:02,752 [main           ] INFO  ProcessEngineImpl              - ProcessEngine default created
2014-09-25 19:16:02,771 [main           ] INFO  BpmnDeployer                   - Processing resource bookorder.simple.bpmn20.xml
2014-09-25 19:25:54,785 [MainThread     ] INFO  ProcessEngineImpl              - ProcessEngine default created
2014-09-25 19:36:23,738 [MainThread     ] INFO  ProcessEngineImpl              - ProcessEngine default created
2014-09-25 19:47:57,050 [MainThread     ] INFO  ProcessEngineImpl              - ProcessEngine default created
2014-09-26 13:59:38,784 [MainThread     ] INFO  ProcessEngineImpl              - ProcessEngine default created
2014-09-26 16:33:35,497 [MainThread     ] INFO  ProcessEngineImpl              - ProcessEngine default created
